\BOOKMARK [1][-]{section.1}{\376\377\000G\000N\000U\000\040\000B\000a\000c\000k\000g\000a\000m\000m\000o\000n\000\040\000A\000n\000d\000r\000o\000i\000d\000\040\000P\000o\000r\000t\000\040\040\024\000\040\000M\000A\000S\000T\000E\000R\000\040\000v\0000\000.\0009\000.\0004}{}% 1
\BOOKMARK [2][-]{subsection.1.1}{\376\377\0001\000.\000\040\000I\000n\000t\000r\000o\000d\000u\000c\000t\000i\000o\000n\000\040\000\046\000\040\000P\000r\000o\000j\000e\000c\000t\000\040\000O\000b\000j\000e\000c\000t\000i\000v\000e}{section.1}% 2
\BOOKMARK [3][-]{subsubsection.1.1.1}{\376\377\0001\000.\0001\000\040\000S\000c\000o\000p\000e}{subsection.1.1}% 3
\BOOKMARK [3][-]{subsubsection.1.1.2}{\376\377\0001\000.\0002\000\040\000A\000p\000p\000\040\000I\000d\000e\000n\000t\000i\000t\000y}{subsection.1.1}% 4
\BOOKMARK [2][-]{subsection.1.2}{\376\377\0002\000.\000\040\000N\000a\000r\000r\000a\000t\000i\000v\000e\000\040\000o\000f\000\040\000P\000r\000o\000g\000r\000e\000s\000s}{section.1}% 5
\BOOKMARK [3][-]{subsubsection.1.2.1}{\376\377\000P\000h\000a\000s\000e\000\040\0001\000:\000\040\000M\000o\000n\000o\000l\000i\000t\000h\000i\000c\000\040\000A\000n\000a\000l\000y\000s\000i\000s\000\040\000\046\000\040\000P\000r\000o\000t\000o\000t\000y\000p\000e}{subsection.1.2}% 6
\BOOKMARK [3][-]{subsubsection.1.2.2}{\376\377\000P\000h\000a\000s\000e\000\040\0002\000:\000\040\000R\000e\000d\000e\000s\000i\000g\000n\000\040\040\024\000\040\000D\000e\000t\000e\000r\000m\000i\000n\000i\000s\000t\000i\000c\000\040\000E\000n\000g\000i\000n\000e\000e\000r\000i\000n\000g}{subsection.1.2}% 7
\BOOKMARK [3][-]{subsubsection.1.2.3}{\376\377\000P\000h\000a\000s\000e\000\040\0003\000:\000\040\000T\000h\000e\000\040\000P\000r\000i\000s\000t\000i\000n\000e\000\040\000H\000e\000a\000d\000l\000e\000s\000s\000\040\000B\000u\000i\000l\000d\000\040\000\050\000C\000o\000m\000p\000l\000e\000t\000e\000d\000\051}{subsection.1.2}% 8
\BOOKMARK [3][-]{subsubsection.1.2.4}{\376\377\000P\000h\000a\000s\000e\000\040\0004\000:\000\040\000G\000L\000i\000b\000\040\000C\000r\000o\000s\000s\000-\000C\000o\000m\000p\000i\000l\000a\000t\000i\000o\000n\000\040\000f\000o\000r\000\040\000A\000n\000d\000r\000o\000i\000d\000\040\000\050\000C\000o\000m\000p\000l\000e\000t\000e\000d\000\051}{subsection.1.2}% 9
\BOOKMARK [3][-]{subsubsection.1.2.5}{\376\377\000P\000h\000a\000s\000e\000\040\0005\000:\000\040\000J\000N\000I\000\040\000B\000r\000i\000d\000g\000e\000\040\000\046\000\040\000l\000i\000b\000g\000n\000u\000b\000g\000-\000e\000n\000g\000i\000n\000e\000.\000s\000o\000\040\000\050\000C\000o\000m\000p\000l\000e\000t\000e\000d\000\051}{subsection.1.2}% 10
\BOOKMARK [3][-]{subsubsection.1.2.6}{\376\377\000P\000h\000a\000s\000e\000\040\0006\000:\000\040\000N\000E\000O\000N\000\040\000A\000c\000c\000e\000l\000e\000r\000a\000t\000i\000o\000n\000\040\000\046\000\040\000D\000e\000v\000i\000c\000e\000\040\000V\000e\000r\000i\000f\000i\000c\000a\000t\000i\000o\000n\000\040\000\050\000C\000o\000m\000p\000l\000e\000t\000e\000d\000\051}{subsection.1.2}% 11
\BOOKMARK [3][-]{subsubsection.1.2.7}{\376\377\000P\000h\000a\000s\000e\000\040\0007\000:\000\040\000C\000u\000b\000e\000\040\000D\000e\000c\000i\000s\000i\000o\000n\000s\000\040\000\046\000\040\000R\000o\000l\000l\000o\000u\000t\000\040\000\050\000C\000o\000m\000p\000l\000e\000t\000e\000d\000\051}{subsection.1.2}% 12
\BOOKMARK [3][-]{subsubsection.1.2.8}{\376\377\000P\000h\000a\000s\000e\000\040\0008\000:\000\040\000F\000u\000l\000l\000\040\000G\000a\000m\000e\000\040\000L\000o\000g\000i\000c\000\040\000L\000a\000y\000e\000r\000\040\000\050\000C\000o\000m\000p\000l\000e\000t\000e\000d\000\051}{subsection.1.2}% 13
\BOOKMARK [3][-]{subsubsection.1.2.9}{\376\377\000P\000h\000a\000s\000e\000\040\0009\000:\000\040\000M\000u\000l\000t\000i\000-\000t\000h\000r\000e\000a\000d\000e\000d\000\040\000R\000o\000l\000l\000o\000u\000t\000\040\000\046\000\040\000S\000G\000F\000\040\000J\000N\000I\000\040\000A\000P\000I\000\040\000\050\000C\000o\000m\000p\000l\000e\000t\000e\000d\000\051}{subsection.1.2}% 14
\BOOKMARK [2][-]{subsection.1.3}{\376\377\0003\000.\000\040\000A\000r\000c\000h\000i\000t\000e\000c\000t\000u\000r\000e}{section.1}% 15
\BOOKMARK [3][-]{subsubsection.1.3.1}{\376\377\0003\000.\0001\000\040\000D\000i\000r\000e\000c\000t\000o\000r\000y\000\040\000S\000t\000r\000u\000c\000t\000u\000r\000e}{subsection.1.3}% 16
\BOOKMARK [3][-]{subsubsection.1.3.2}{\376\377\0003\000.\0002\000\040\000B\000u\000i\000l\000d\000\040\000T\000o\000o\000l\000c\000h\000a\000i\000n}{subsection.1.3}% 17
\BOOKMARK [2][-]{subsection.1.4}{\376\377\0004\000.\000\040\000G\000L\000i\000b\000\040\000C\000r\000o\000s\000s\000-\000C\000o\000m\000p\000i\000l\000a\000t\000i\000o\000n\000\040\000f\000o\000r\000\040\000A\000n\000d\000r\000o\000i\000d}{section.1}% 18
\BOOKMARK [3][-]{subsubsection.1.4.1}{\376\377\0004\000.\0001\000\040\000R\000a\000t\000i\000o\000n\000a\000l\000e}{subsection.1.4}% 19
\BOOKMARK [3][-]{subsubsection.1.4.2}{\376\377\0004\000.\0002\000\040\000M\000e\000s\000o\000n\000\040\000C\000r\000o\000s\000s\000-\000F\000i\000l\000e\000\040\000\050\000a\000n\000d\000r\000o\000i\000d\000-\000a\000r\000m\0006\0004\000.\000c\000r\000o\000s\000s\000\051}{subsection.1.4}% 20
\BOOKMARK [3][-]{subsubsection.1.4.3}{\376\377\0004\000.\0003\000\040\000K\000e\000y\000\040\000B\000u\000i\000l\000d\000\040\000O\000b\000s\000t\000a\000c\000l\000e\000s\000\040\000\046\000\040\000R\000e\000s\000o\000l\000u\000t\000i\000o\000n\000s}{subsection.1.4}% 21
\BOOKMARK [3][-]{subsubsection.1.4.4}{\376\377\0004\000.\0004\000\040\000I\000n\000s\000t\000a\000l\000l\000e\000d\000\040\000A\000r\000t\000e\000f\000a\000c\000t\000s}{subsection.1.4}% 22
\BOOKMARK [2][-]{subsection.1.5}{\376\377\0005\000.\000\040\000J\000N\000I\000\040\000B\000r\000i\000d\000g\000e\000\040\000C\000o\000n\000s\000t\000r\000u\000c\000t\000i\000o\000n}{section.1}% 23
\BOOKMARK [3][-]{subsubsection.1.5.1}{\376\377\0005\000.\0001\000\040\000S\000o\000u\000r\000c\000e\000\040\000F\000i\000l\000e\000\040\000I\000n\000v\000e\000n\000t\000o\000r\000y}{subsection.1.5}% 24
\BOOKMARK [3][-]{subsubsection.1.5.2}{\376\377\0005\000.\0002\000\040\000E\000n\000g\000i\000n\000e\000\040\000S\000o\000u\000r\000c\000e\000\040\000F\000i\000l\000e\000s\000\040\000i\000n\000\040\000B\000u\000i\000l\000d}{subsection.1.5}% 25
\BOOKMARK [3][-]{subsubsection.1.5.3}{\376\377\0005\000.\0003\000\040\000T\000h\000e\000\040\000c\000o\000n\000f\000i\000g\000.\000h\000\040\000S\000h\000a\000d\000o\000w\000\040\000M\000e\000c\000h\000a\000n\000i\000s\000m}{subsection.1.5}% 26
\BOOKMARK [3][-]{subsubsection.1.5.4}{\376\377\0005\000.\0004\000\040\000s\000t\000u\000b\000s\000.\000c\000\040\000D\000e\000s\000i\000g\000n}{subsection.1.5}% 27
\BOOKMARK [3][-]{subsubsection.1.5.5}{\376\377\0005\000.\0005\000\040\000T\000h\000r\000e\000a\000d\000-\000L\000o\000c\000a\000l\000\040\000D\000a\000t\000a\000\040\000I\000n\000i\000t\000i\000a\000l\000i\000s\000a\000t\000i\000o\000n\000\040\000\050\000C\000r\000i\000t\000i\000c\000a\000l\000\051}{subsection.1.5}% 28
\BOOKMARK [3][-]{subsubsection.1.5.6}{\376\377\0005\000.\0006\000\040\000N\000e\000u\000r\000a\000l\000N\000e\000t\000E\000v\000a\000l\000u\000a\000t\000e\000S\000S\000E\000\040\000V\000L\000A\000\040\000A\000l\000i\000g\000n\000m\000e\000n\000t\000\040\000P\000a\000t\000c\000h}{subsection.1.5}% 29
\BOOKMARK [3][-]{subsubsection.1.5.7}{\376\377\0005\000.\0007\000\040\000R\000o\000l\000l\000o\000u\000t\000\040\000I\000n\000f\000r\000a\000s\000t\000r\000u\000c\000t\000u\000r\000e\000\040\000i\000n\000\040\000s\000t\000u\000b\000s\000.\000c}{subsection.1.5}% 30
\BOOKMARK [3][-]{subsubsection.1.5.8}{\376\377\0005\000.\0008\000\040\000a\000n\000d\000r\000o\000i\000d\000-\000a\000p\000p\000.\000c\000\040\040\024\000\040\000T\000h\000e\000\040\000A\000n\000d\000r\000o\000i\000d\000\040\000A\000p\000p\000l\000i\000c\000a\000t\000i\000o\000n\000\040\000S\000h\000e\000l\000l}{subsection.1.5}% 31
\BOOKMARK [2][-]{subsection.1.6}{\376\377\0006\000.\000\040\000J\000N\000I\000\040\000A\000P\000I\000\040\000R\000e\000f\000e\000r\000e\000n\000c\000e}{section.1}% 32
\BOOKMARK [3][-]{subsubsection.1.6.1}{\376\377\0006\000.\0001\000\040\000B\000o\000a\000r\000d\000\040\000E\000n\000c\000o\000d\000i\000n\000g}{subsection.1.6}% 33
\BOOKMARK [3][-]{subsubsection.1.6.2}{\376\377\0006\000.\0002\000\040\000K\000o\000t\000l\000i\000n\000\040\000A\000P\000I\000\040\000\050\000E\000n\000g\000i\000n\000e\000\040\000o\000b\000j\000e\000c\000t\000\051}{subsection.1.6}% 34
\BOOKMARK [3][-]{subsubsection.1.6.3}{\376\377\0006\000.\0003\000\040\000T\000h\000r\000e\000a\000d\000\040\000S\000a\000f\000e\000t\000y}{subsection.1.6}% 35
\BOOKMARK [3][-]{subsubsection.1.6.4}{\376\377\0006\000.\0004\000\040\000I\000n\000i\000t\000i\000a\000l\000i\000s\000a\000t\000i\000o\000n\000\040\000\046\000\040\000D\000a\000t\000a\000\040\000F\000i\000l\000e\000s}{subsection.1.6}% 36
\BOOKMARK [2][-]{subsection.1.7}{\376\377\0007\000.\000\040\000B\000u\000i\000l\000d\000\040\000I\000n\000s\000t\000r\000u\000c\000t\000i\000o\000n\000s}{section.1}% 37
\BOOKMARK [3][-]{subsubsection.1.7.1}{\376\377\0007\000.\0001\000\040\000P\000r\000e\000r\000e\000q\000u\000i\000s\000i\000t\000e\000s\000\040\000\050\000F\000e\000d\000o\000r\000a\000\040\0004\0004\000\051}{subsection.1.7}% 38
\BOOKMARK [3][-]{subsubsection.1.7.2}{\376\377\0007\000.\0002\000\040\000B\000u\000i\000l\000d\000\040\000G\000L\000i\000b\000\040\000f\000o\000r\000\040\000A\000n\000d\000r\000o\000i\000d\000\040\000\050\000o\000n\000e\000-\000t\000i\000m\000e\000,\000\040\000\176\0003\040\023\0005\000\040\000m\000i\000n\000u\000t\000e\000s\000\051}{subsection.1.7}% 39
\BOOKMARK [3][-]{subsubsection.1.7.3}{\376\377\0007\000.\0003\000\040\000B\000u\000i\000l\000d\000\040\000l\000i\000b\000g\000n\000u\000b\000g\000-\000e\000n\000g\000i\000n\000e\000.\000s\000o}{subsection.1.7}% 40
\BOOKMARK [3][-]{subsubsection.1.7.4}{\376\377\0007\000.\0004\000\040\000V\000e\000r\000i\000f\000i\000c\000a\000t\000i\000o\000n}{subsection.1.7}% 41
\BOOKMARK [3][-]{subsubsection.1.7.5}{\376\377\0007\000.\0005\000\040\000A\000n\000d\000r\000o\000i\000d\000\040\000a\000d\000b\000\040\000T\000e\000s\000t\000\040\000H\000a\000r\000n\000e\000s\000s}{subsection.1.7}% 42
\BOOKMARK [2][-]{subsection.1.8}{\376\377\0008\000.\000\040\000O\000p\000e\000n\000\040\000I\000t\000e\000m\000s\000\040\000\046\000\040\000R\000o\000a\000d\000m\000a\000p}{section.1}% 43
\BOOKMARK [3][-]{subsubsection.1.8.1}{\376\377\0008\000.\0001\000\040\000F\000e\000a\000t\000u\000r\000e\000s}{subsection.1.8}% 44
\BOOKMARK [3][-]{subsubsection.1.8.2}{\376\377\0008\000.\0002\000\040\000I\000m\000m\000e\000d\000i\000a\000t\000e\000\040\000N\000e\000x\000t\000\040\000S\000t\000e\000p\000s}{subsection.1.8}% 45
\BOOKMARK [3][-]{subsubsection.1.8.3}{\376\377\0008\000.\0003\000\040\000P\000e\000r\000f\000o\000r\000m\000a\000n\000c\000e}{subsection.1.8}% 46
\BOOKMARK [3][-]{subsubsection.1.8.4}{\376\377\0008\000.\0004\000\040\000K\000n\000o\000w\000n\000\040\000W\000a\000r\000n\000i\000n\000g\000s}{subsection.1.8}% 47
\BOOKMARK [2][-]{subsection.1.9}{\376\377\0009\000.\000\040\000K\000e\000y\000\040\000F\000i\000l\000e\000\040\000R\000e\000f\000e\000r\000e\000n\000c\000e}{section.1}% 48
\BOOKMARK [3][-]{subsubsection.1.9.1}{\376\377\000b\000u\000i\000l\000d\000\137\000g\000l\000i\000b\000\137\000a\000n\000d\000r\000o\000i\000d\000.\000s\000h}{subsection.1.9}% 49
\BOOKMARK [3][-]{subsubsection.1.9.2}{\376\377\000a\000n\000d\000r\000o\000i\000d\000-\000a\000r\000m\0006\0004\000.\000c\000r\000o\000s\000s}{subsection.1.9}% 50
\BOOKMARK [3][-]{subsubsection.1.9.3}{\376\377\000j\000n\000i\000-\000b\000r\000i\000d\000g\000e\000/\000C\000M\000a\000k\000e\000L\000i\000s\000t\000s\000.\000t\000x\000t}{subsection.1.9}% 51
\BOOKMARK [3][-]{subsubsection.1.9.4}{\376\377\000j\000n\000i\000-\000b\000r\000i\000d\000g\000e\000/\000s\000r\000c\000/\000s\000t\000u\000b\000s\000.\000c}{subsection.1.9}% 52
\BOOKMARK [3][-]{subsubsection.1.9.5}{\376\377\000j\000n\000i\000-\000b\000r\000i\000d\000g\000e\000/\000s\000r\000c\000/\000a\000n\000d\000r\000o\000i\000d\000-\000a\000p\000p\000.\000c}{subsection.1.9}% 53
\BOOKMARK [3][-]{subsubsection.1.9.6}{\376\377\000e\000n\000g\000i\000n\000e\000-\000c\000o\000r\000e\000/\000c\000o\000n\000f\000i\000g\000.\000h}{subsection.1.9}% 54
\BOOKMARK [3][-]{subsubsection.1.9.7}{\376\377\000e\000n\000g\000i\000n\000e\000-\000c\000o\000r\000e\000/\000l\000i\000b\000/\000n\000e\000u\000r\000a\000l\000n\000e\000t\000s\000s\000e\000.\000c}{subsection.1.9}% 55
\BOOKMARK [2][-]{subsection.1.10}{\376\377\0001\0000\000.\000\040\000A\000n\000d\000r\000o\000i\000d\000\040\000U\000I\000\040\040\024\000\040\000I\000D\000E\000\040\000D\000e\000c\000i\000s\000i\000o\000n\000,\000\040\000D\000e\000s\000i\000g\000n\000\040\000P\000h\000i\000l\000o\000s\000o\000p\000h\000y\000\040\000\046\000\040\000W\000a\000y\000\040\000F\000o\000r\000w\000a\000r\000d}{section.1}% 56
\BOOKMARK [3][-]{subsubsection.1.10.1}{\376\377\0001\0000\000.\0001\000\040\000M\000i\000l\000e\000s\000t\000o\000n\000e\000:\000\040\000E\000n\000g\000i\000n\000e\000\040\000C\000o\000m\000p\000l\000e\000t\000e}{subsection.1.10}% 57
\BOOKMARK [3][-]{subsubsection.1.10.2}{\376\377\0001\0000\000.\0002\000\040\000I\000D\000E\000\040\000D\000e\000c\000i\000s\000i\000o\000n\000:\000\040\000N\000o\000\040\000I\000D\000E\000\040\040\024\000\040\000P\000u\000r\000e\000\040\000T\000e\000r\000m\000i\000n\000a\000l\000\040\000W\000o\000r\000k\000f\000l\000o\000w}{subsection.1.10}% 58
\BOOKMARK [3][-]{subsubsection.1.10.3}{\376\377\0001\0000\000.\0003\000\040\000U\000I\000\040\000T\000o\000o\000l\000k\000i\000t\000:\000\040\000J\000e\000t\000p\000a\000c\000k\000\040\000C\000o\000m\000p\000o\000s\000e}{subsection.1.10}% 59
\BOOKMARK [3][-]{subsubsection.1.10.4}{\376\377\0001\0000\000.\0004\000\040\000B\000u\000i\000l\000d\000\040\000C\000o\000n\000f\000i\000g\000u\000r\000a\000t\000i\000o\000n}{subsection.1.10}% 60
\BOOKMARK [3][-]{subsubsection.1.10.5}{\376\377\0001\0000\000.\0005\000\040\000D\000e\000s\000i\000g\000n\000\040\000P\000h\000i\000l\000o\000s\000o\000p\000h\000y}{subsection.1.10}% 61
\BOOKMARK [3][-]{subsubsection.1.10.6}{\376\377\0001\0000\000.\0006\000\040\000I\000m\000m\000e\000d\000i\000a\000t\000e\000\040\000N\000e\000x\000t\000\040\000S\000t\000e\000p\000s}{subsection.1.10}% 62
\BOOKMARK [2][-]{subsection.1.11}{\376\377\0001\0001\000.\000\040\000V\000e\000r\000s\000i\000o\000n\000\040\000v\0000\000.\0009\000.\0001\000\040\040\024\000\040\000B\000a\000s\000i\000c\000\040\000U\000I\000\040\000C\000o\000m\000p\000l\000e\000t\000e}{section.1}% 63
\BOOKMARK [3][-]{subsubsection.1.11.1}{\376\377\0001\0001\000.\0001\000\040\000M\000i\000l\000e\000s\000t\000o\000n\000e}{subsection.1.11}% 64
\BOOKMARK [3][-]{subsubsection.1.11.2}{\376\377\0001\0001\000.\0002\000\040\000U\000I\000\040\000C\000o\000m\000p\000o\000n\000e\000n\000t\000s\000\040\000D\000e\000l\000i\000v\000e\000r\000e\000d}{subsection.1.11}% 65
